<?xml version="1.0" encoding="UTF-8"?>
<!-- Generated by org.testng.reporters.JUnitReportReporter -->
<testsuite hostname="LAPTOP-8IUM7N1I" failures="0" tests="13" name="com.Internet.Testcases.ChallengingDomPageTest" time="0.063" errors="1" timestamp="2021-10-17T00:36:31 BST" skipped="12">
  <testcase classname="com.Internet.Testcases.ChallengingDomPageTest" name="setup" time="0.063">
    <error message="The driver executable does not exist: C:\ProjectWS\ChallengingDOM\.\ChallengingDOM\DriverExes\chromedriver.exe" type="java.lang.IllegalStateException">
      <![CDATA[java.lang.IllegalStateException: The driver executable does not exist: C:\ProjectWS\ChallengingDOM\.\ChallengingDOM\DriverExes\chromedriver.exe
at com.google.common.base.Preconditions.checkState(Preconditions.java:585)
at org.openqa.selenium.remote.service.DriverService.checkExecutable(DriverService.java:146)
at org.openqa.selenium.remote.service.DriverService.findExecutable(DriverService.java:141)
at org.openqa.selenium.chrome.ChromeDriverService.access$000(ChromeDriverService.java:35)
at org.openqa.selenium.chrome.ChromeDriverService$Builder.findDefaultExecutable(ChromeDriverService.java:159)
at org.openqa.selenium.remote.service.DriverService$Builder.build(DriverService.java:355)
at org.openqa.selenium.chrome.ChromeDriverService.createDefaultService(ChromeDriverService.java:94)
at org.openqa.selenium.chrome.ChromeDriver.<init>(ChromeDriver.java:123)
at com.Internet.Base.TestBase.initialization(TestBase.java:36)
at com.Internet.Testcases.ChallengingDomPageTest.setup(ChallengingDomPageTest.java:23)
at java.base/jdk.internal.reflect.NativeMethodAccessorImpl.invoke0(Native Method)
at java.base/jdk.internal.reflect.NativeMethodAccessorImpl.invoke(NativeMethodAccessorImpl.java:64)
at java.base/jdk.internal.reflect.DelegatingMethodAccessorImpl.invoke(DelegatingMethodAccessorImpl.java:43)
at java.base/java.lang.reflect.Method.invoke(Method.java:564)
at org.testng.internal.MethodInvocationHelper.invokeMethod(MethodInvocationHelper.java:133)
at org.testng.internal.MethodInvocationHelper.invokeMethodConsideringTimeout(MethodInvocationHelper.java:62)
at org.testng.internal.ConfigInvoker.invokeConfigurationMethod(ConfigInvoker.java:385)
at org.testng.internal.ConfigInvoker.invokeConfigurations(ConfigInvoker.java:321)
at org.testng.internal.TestInvoker.runConfigMethods(TestInvoker.java:700)
at org.testng.internal.TestInvoker.invokeMethod(TestInvoker.java:527)
at org.testng.internal.TestInvoker.invokeTestMethod(TestInvoker.java:173)
at org.testng.internal.MethodRunner.runInSequence(MethodRunner.java:46)
at org.testng.internal.TestInvoker$MethodInvocationAgent.invoke(TestInvoker.java:824)
at org.testng.internal.TestInvoker.invokeTestMethods(TestInvoker.java:146)
at org.testng.internal.TestMethodWorker.invokeTestMethods(TestMethodWorker.java:146)
at org.testng.internal.TestMethodWorker.run(TestMethodWorker.java:128)
at java.base/java.util.ArrayList.forEach(ArrayList.java:1511)
at org.testng.TestRunner.privateRun(TestRunner.java:794)
at org.testng.TestRunner.run(TestRunner.java:596)
at org.testng.SuiteRunner.runTest(SuiteRunner.java:377)
at org.testng.SuiteRunner.runSequentially(SuiteRunner.java:371)
at org.testng.SuiteRunner.privateRun(SuiteRunner.java:332)
at org.testng.SuiteRunner.run(SuiteRunner.java:276)
at org.testng.SuiteRunnerWorker.runSuite(SuiteRunnerWorker.java:53)
at org.testng.SuiteRunnerWorker.run(SuiteRunnerWorker.java:96)
at org.testng.TestNG.runSuitesSequentially(TestNG.java:1212)
at org.testng.TestNG.runSuitesLocally(TestNG.java:1134)
at org.testng.TestNG.runSuites(TestNG.java:1063)
at org.testng.TestNG.run(TestNG.java:1031)
at org.testng.remote.AbstractRemoteTestNG.run(AbstractRemoteTestNG.java:115)
at org.testng.remote.RemoteTestNG.initAndRun(RemoteTestNG.java:251)
at org.testng.remote.RemoteTestNG.main(RemoteTestNG.java:77)
]]>
    </error>
  </testcase> <!-- setup -->
  <system-out/>
  <testcase classname="com.Internet.Testcases.ChallengingDomPageTest" name="validateTitleTest" time="0.000">
    <skipped/>
  </testcase> <!-- validateTitleTest -->
  <system-out/>
  <testcase classname="com.Internet.Testcases.ChallengingDomPageTest" name="validateHeaderTest" time="0.000">
    <skipped/>
  </testcase> <!-- validateHeaderTest -->
  <system-out/>
  <testcase classname="com.Internet.Testcases.ChallengingDomPageTest" name="validateBlueButtonTest" time="0.000">
    <skipped/>
  </testcase> <!-- validateBlueButtonTest -->
  <system-out/>
  <testcase classname="com.Internet.Testcases.ChallengingDomPageTest" name="validateRedButtonTest" time="0.000">
    <skipped/>
  </testcase> <!-- validateRedButtonTest -->
  <system-out/>
  <testcase classname="com.Internet.Testcases.ChallengingDomPageTest" name="validateGreenButtonTest" time="0.000">
    <skipped/>
  </testcase> <!-- validateGreenButtonTest -->
  <system-out/>
  <testcase classname="com.Internet.Testcases.ChallengingDomPageTest" name="validateTableHeadersTest" time="0.000">
    <skipped/>
  </testcase> <!-- validateTableHeadersTest -->
  <system-out/>
  <testcase classname="com.Internet.Testcases.ChallengingDomPageTest" name="validateTableColumn" time="0.000">
    <skipped/>
  </testcase> <!-- validateTableColumn -->
  <system-out/>
  <testcase classname="com.Internet.Testcases.ChallengingDomPageTest" name="validateTableRow" time="0.000">
    <skipped/>
  </testcase> <!-- validateTableRow -->
  <system-out/>
  <testcase classname="com.Internet.Testcases.ChallengingDomPageTest" name="validateEditTest" time="0.000">
    <skipped/>
  </testcase> <!-- validateEditTest -->
  <system-out/>
  <testcase classname="com.Internet.Testcases.ChallengingDomPageTest" name="validateDeleteTest" time="0.000">
    <skipped/>
  </testcase> <!-- validateDeleteTest -->
  <system-out/>
  <testcase classname="com.Internet.Testcases.ChallengingDomPageTest" name="validateCanvasTest1" time="0.000">
    <skipped/>
  </testcase> <!-- validateCanvasTest1 -->
  <system-out/>
  <testcase classname="com.Internet.Testcases.ChallengingDomPageTest" name="validateCanvasTest2" time="0.000">
    <skipped/>
  </testcase> <!-- validateCanvasTest2 -->
  <system-out/>
</testsuite> <!-- com.Internet.Testcases.ChallengingDomPageTest -->
