<?xml version="1.0" encoding="UTF-8"?>
<!-- Generated by org.testng.reporters.JUnitXMLReporter -->
<testsuite ignored="0" hostname="LAPTOP-8IUM7N1I" failures="0" tests="12" name="Default test" time="0.236" errors="0" timestamp="2021-10-17T00:36:30 BST">
  <testcase classname="com.Internet.Testcases.ChallengingDomPageTest" name="@BeforeMethod setup" time="0.063">
    <failure type="java.lang.IllegalStateException" message="The driver executable does not exist: C:\ProjectWS\ChallengingDOM\.\ChallengingDOM\DriverExes\chromedriver.exe">
      <![CDATA[java.lang.IllegalStateException: The driver executable does not exist: C:\ProjectWS\ChallengingDOM\.\ChallengingDOM\DriverExes\chromedriver.exe
at com.google.common.base.Preconditions.checkState(Preconditions.java:585)
at org.openqa.selenium.remote.service.DriverService.checkExecutable(DriverService.java:146)
at org.openqa.selenium.remote.service.DriverService.findExecutable(DriverService.java:141)
at org.openqa.selenium.chrome.ChromeDriverService.access$000(ChromeDriverService.java:35)
at org.openqa.selenium.chrome.ChromeDriverService$Builder.findDefaultExecutable(ChromeDriverService.java:159)
at org.openqa.selenium.remote.service.DriverService$Builder.build(DriverService.java:355)
at org.openqa.selenium.chrome.ChromeDriverService.createDefaultService(ChromeDriverService.java:94)
at org.openqa.selenium.chrome.ChromeDriver.<init>(ChromeDriver.java:123)
at com.Internet.Base.TestBase.initialization(TestBase.java:36)
at com.Internet.Testcases.ChallengingDomPageTest.setup(ChallengingDomPageTest.java:23)
at java.base/jdk.internal.reflect.NativeMethodAccessorImpl.invoke0(Native Method)
at java.base/jdk.internal.reflect.NativeMethodAccessorImpl.invoke(NativeMethodAccessorImpl.java:64)
at java.base/jdk.internal.reflect.DelegatingMethodAccessorImpl.invoke(DelegatingMethodAccessorImpl.java:43)
at java.base/java.lang.reflect.Method.invoke(Method.java:564)
at org.testng.internal.MethodInvocationHelper.invokeMethod(MethodInvocationHelper.java:133)
at org.testng.internal.MethodInvocationHelper.invokeMethodConsideringTimeout(MethodInvocationHelper.java:62)
at org.testng.internal.ConfigInvoker.invokeConfigurationMethod(ConfigInvoker.java:385)
at org.testng.internal.ConfigInvoker.invokeConfigurations(ConfigInvoker.java:321)
at org.testng.internal.TestInvoker.runConfigMethods(TestInvoker.java:700)
at org.testng.internal.TestInvoker.invokeMethod(TestInvoker.java:527)
at org.testng.internal.TestInvoker.invokeTestMethod(TestInvoker.java:173)
at org.testng.internal.MethodRunner.runInSequence(MethodRunner.java:46)
at org.testng.internal.TestInvoker$MethodInvocationAgent.invoke(TestInvoker.java:824)
at org.testng.internal.TestInvoker.invokeTestMethods(TestInvoker.java:146)
at org.testng.internal.TestMethodWorker.invokeTestMethods(TestMethodWorker.java:146)
at org.testng.internal.TestMethodWorker.run(TestMethodWorker.java:128)
at java.base/java.util.ArrayList.forEach(ArrayList.java:1511)
at org.testng.TestRunner.privateRun(TestRunner.java:794)
at org.testng.TestRunner.run(TestRunner.java:596)
at org.testng.SuiteRunner.runTest(SuiteRunner.java:377)
at org.testng.SuiteRunner.runSequentially(SuiteRunner.java:371)
at org.testng.SuiteRunner.privateRun(SuiteRunner.java:332)
at org.testng.SuiteRunner.run(SuiteRunner.java:276)
at org.testng.SuiteRunnerWorker.runSuite(SuiteRunnerWorker.java:53)
at org.testng.SuiteRunnerWorker.run(SuiteRunnerWorker.java:96)
at org.testng.TestNG.runSuitesSequentially(TestNG.java:1212)
at org.testng.TestNG.runSuitesLocally(TestNG.java:1134)
at org.testng.TestNG.runSuites(TestNG.java:1063)
at org.testng.TestNG.run(TestNG.java:1031)
at org.testng.remote.AbstractRemoteTestNG.run(AbstractRemoteTestNG.java:115)
at org.testng.remote.RemoteTestNG.initAndRun(RemoteTestNG.java:251)
at org.testng.remote.RemoteTestNG.main(RemoteTestNG.java:77)
]]>
    </failure>
  </testcase> <!-- @BeforeMethod setup -->
  <testcase classname="com.Internet.Testcases.ChallengingDomPageTest" name="@AfterMethod tearDown" time="-1.634427390738E9">
    <skipped/>
  </testcase> <!-- @AfterMethod tearDown -->
  <testcase classname="com.Internet.Testcases.ChallengingDomPageTest" name="@BeforeMethod setup" time="-1.634427390741E9">
    <skipped/>
  </testcase> <!-- @BeforeMethod setup -->
  <testcase classname="com.Internet.Testcases.ChallengingDomPageTest" name="@AfterMethod tearDown" time="-1.634427390749E9">
    <skipped/>
  </testcase> <!-- @AfterMethod tearDown -->
  <testcase classname="com.Internet.Testcases.ChallengingDomPageTest" name="@BeforeMethod setup" time="-1.634427390752E9">
    <skipped/>
  </testcase> <!-- @BeforeMethod setup -->
  <testcase classname="com.Internet.Testcases.ChallengingDomPageTest" name="@AfterMethod tearDown" time="-1.634427390757E9">
    <skipped/>
  </testcase> <!-- @AfterMethod tearDown -->
  <testcase classname="com.Internet.Testcases.ChallengingDomPageTest" name="@BeforeMethod setup" time="-1.634427390759E9">
    <skipped/>
  </testcase> <!-- @BeforeMethod setup -->
  <testcase classname="com.Internet.Testcases.ChallengingDomPageTest" name="@AfterMethod tearDown" time="-1.634427390769E9">
    <skipped/>
  </testcase> <!-- @AfterMethod tearDown -->
  <testcase classname="com.Internet.Testcases.ChallengingDomPageTest" name="@BeforeMethod setup" time="-1.634427390771E9">
    <skipped/>
  </testcase> <!-- @BeforeMethod setup -->
  <testcase classname="com.Internet.Testcases.ChallengingDomPageTest" name="@AfterMethod tearDown" time="-1.634427390778E9">
    <skipped/>
  </testcase> <!-- @AfterMethod tearDown -->
  <testcase classname="com.Internet.Testcases.ChallengingDomPageTest" name="@BeforeMethod setup" time="-1.634427390779E9">
    <skipped/>
  </testcase> <!-- @BeforeMethod setup -->
  <testcase classname="com.Internet.Testcases.ChallengingDomPageTest" name="@AfterMethod tearDown" time="-1.634427390786E9">
    <skipped/>
  </testcase> <!-- @AfterMethod tearDown -->
  <testcase classname="com.Internet.Testcases.ChallengingDomPageTest" name="@BeforeMethod setup" time="-1.634427390788E9">
    <skipped/>
  </testcase> <!-- @BeforeMethod setup -->
  <testcase classname="com.Internet.Testcases.ChallengingDomPageTest" name="@AfterMethod tearDown" time="-1.634427390802E9">
    <skipped/>
  </testcase> <!-- @AfterMethod tearDown -->
  <testcase classname="com.Internet.Testcases.ChallengingDomPageTest" name="@BeforeMethod setup" time="-1.634427390805E9">
    <skipped/>
  </testcase> <!-- @BeforeMethod setup -->
  <testcase classname="com.Internet.Testcases.ChallengingDomPageTest" name="@AfterMethod tearDown" time="-1.634427390811E9">
    <skipped/>
  </testcase> <!-- @AfterMethod tearDown -->
  <testcase classname="com.Internet.Testcases.ChallengingDomPageTest" name="@BeforeMethod setup" time="-1.634427390814E9">
    <skipped/>
  </testcase> <!-- @BeforeMethod setup -->
  <testcase classname="com.Internet.Testcases.ChallengingDomPageTest" name="@AfterMethod tearDown" time="-1.634427390821E9">
    <skipped/>
  </testcase> <!-- @AfterMethod tearDown -->
  <testcase classname="com.Internet.Testcases.ChallengingDomPageTest" name="@BeforeMethod setup" time="-1.634427390822E9">
    <skipped/>
  </testcase> <!-- @BeforeMethod setup -->
  <testcase classname="com.Internet.Testcases.ChallengingDomPageTest" name="@AfterMethod tearDown" time="-1.63442739083E9">
    <skipped/>
  </testcase> <!-- @AfterMethod tearDown -->
  <testcase classname="com.Internet.Testcases.ChallengingDomPageTest" name="@BeforeMethod setup" time="-1.634427390835E9">
    <skipped/>
  </testcase> <!-- @BeforeMethod setup -->
  <testcase classname="com.Internet.Testcases.ChallengingDomPageTest" name="@AfterMethod tearDown" time="-1.634427390839E9">
    <skipped/>
  </testcase> <!-- @AfterMethod tearDown -->
  <testcase classname="com.Internet.Testcases.ChallengingDomPageTest" name="@BeforeMethod setup" time="-1.634427390844E9">
    <skipped/>
  </testcase> <!-- @BeforeMethod setup -->
  <testcase classname="com.Internet.Testcases.ChallengingDomPageTest" name="@AfterMethod tearDown" time="-1.634427390851E9">
    <skipped/>
  </testcase> <!-- @AfterMethod tearDown -->
  <testcase classname="com.Internet.Testcases.ChallengingDomPageTest" name="validateTitleTest" time="0.0">
    <skipped/>
  </testcase> <!-- validateTitleTest -->
  <testcase classname="com.Internet.Testcases.ChallengingDomPageTest" name="validateHeaderTest" time="0.0">
    <skipped/>
  </testcase> <!-- validateHeaderTest -->
  <testcase classname="com.Internet.Testcases.ChallengingDomPageTest" name="validateBlueButtonTest" time="0.0">
    <skipped/>
  </testcase> <!-- validateBlueButtonTest -->
  <testcase classname="com.Internet.Testcases.ChallengingDomPageTest" name="validateRedButtonTest" time="0.0">
    <skipped/>
  </testcase> <!-- validateRedButtonTest -->
  <testcase classname="com.Internet.Testcases.ChallengingDomPageTest" name="validateGreenButtonTest" time="0.0">
    <skipped/>
  </testcase> <!-- validateGreenButtonTest -->
  <testcase classname="com.Internet.Testcases.ChallengingDomPageTest" name="validateTableHeadersTest" time="0.0">
    <skipped/>
  </testcase> <!-- validateTableHeadersTest -->
  <testcase classname="com.Internet.Testcases.ChallengingDomPageTest" name="validateTableColumn" time="0.0">
    <skipped/>
  </testcase> <!-- validateTableColumn -->
  <testcase classname="com.Internet.Testcases.ChallengingDomPageTest" name="validateTableRow" time="0.0">
    <skipped/>
  </testcase> <!-- validateTableRow -->
  <testcase classname="com.Internet.Testcases.ChallengingDomPageTest" name="validateEditTest" time="0.0">
    <skipped/>
  </testcase> <!-- validateEditTest -->
  <testcase classname="com.Internet.Testcases.ChallengingDomPageTest" name="validateDeleteTest" time="0.0">
    <skipped/>
  </testcase> <!-- validateDeleteTest -->
  <testcase classname="com.Internet.Testcases.ChallengingDomPageTest" name="validateCanvasTest1" time="0.0">
    <skipped/>
  </testcase> <!-- validateCanvasTest1 -->
  <testcase classname="com.Internet.Testcases.ChallengingDomPageTest" name="validateCanvasTest2" time="0.0">
    <skipped/>
  </testcase> <!-- validateCanvasTest2 -->
</testsuite> <!-- Default test -->
